Analysis & Synthesis report for ImplementacionI2C
Mon Oct 27 14:07:48 2025
Quartus II 64-Bit Version 13.0.1 Build 232 06/12/2013 Service Pack 1 SJ Web Edition


---------------------
; Table of Contents ;
---------------------
  1. Legal Notice
  2. Analysis & Synthesis Summary
  3. Analysis & Synthesis Settings
  4. Parallel Compilation
  5. Analysis & Synthesis Source Files Read
  6. Analysis & Synthesis Resource Usage Summary
  7. Analysis & Synthesis Resource Utilization by Entity
  8. Analysis & Synthesis IP Cores Summary
  9. State Machine - |Esquematico|ImplementacionI2C:inst3|fstate
 10. General Register Statistics
 11. Parameter Settings for User Entity Instance: esaeslacuestion:inst2|lpm_counter0:inst5|lpm_counter:LPM_COUNTER_component
 12. Parameter Settings for User Entity Instance: esaeslacuestion:inst2|Registro8Bits:inst7|lpm_shiftreg:LPM_SHIFTREG_component
 13. Parameter Settings for User Entity Instance: seronoser:inst|Comparador:inst10|lpm_compare:LPM_COMPARE_component
 14. Parameter Settings for User Entity Instance: seronoser:inst|Registro7bits:inst9|lpm_shiftreg:LPM_SHIFTREG_component
 15. Parameter Settings for User Entity Instance: seronoser:inst|ComparadorMod7:inst11|lpm_compare:LPM_COMPARE_component
 16. Parameter Settings for User Entity Instance: seronoser:inst|lpm_counter0:inst|lpm_counter:LPM_COUNTER_component
 17. lpm_shiftreg Parameter Settings by Entity Instance
 18. Elapsed Time Per Partition
 19. Analysis & Synthesis Messages



----------------
; Legal Notice ;
----------------
Copyright (C) 1991-2013 Altera Corporation
Your use of Altera Corporation's design tools, logic functions 
and other software and tools, and its AMPP partner logic 
functions, and any output files from any of the foregoing 
(including device programming or simulation files), and any 
associated documentation or information are expressly subject 
to the terms and conditions of the Altera Program License 
Subscription Agreement, Altera MegaCore Function License 
Agreement, or other applicable license agreement, including, 
without limitation, that your use is for the sole purpose of 
programming logic devices manufactured by Altera and sold by 
Altera or its authorized distributors.  Please refer to the 
applicable agreement for further details.



+--------------------------------------------------------------------------------------+
; Analysis & Synthesis Summary                                                         ;
+------------------------------------+-------------------------------------------------+
; Analysis & Synthesis Status        ; Successful - Mon Oct 27 14:07:48 2025           ;
; Quartus II 64-Bit Version          ; 13.0.1 Build 232 06/12/2013 SP 1 SJ Web Edition ;
; Revision Name                      ; ImplementacionI2C                               ;
; Top-level Entity Name              ; Esquematico                                     ;
; Family                             ; Cyclone III                                     ;
; Total logic elements               ; 25                                              ;
;     Total combinational functions  ; 17                                              ;
;     Dedicated logic registers      ; 18                                              ;
; Total registers                    ; 18                                              ;
; Total pins                         ; 9                                               ;
; Total virtual pins                 ; 0                                               ;
; Total memory bits                  ; 0                                               ;
; Embedded Multiplier 9-bit elements ; 0                                               ;
; Total PLLs                         ; 0                                               ;
+------------------------------------+-------------------------------------------------+


+----------------------------------------------------------------------------------------------------------------------+
; Analysis & Synthesis Settings                                                                                        ;
+----------------------------------------------------------------------------+--------------------+--------------------+
; Option                                                                     ; Setting            ; Default Value      ;
+----------------------------------------------------------------------------+--------------------+--------------------+
; Device                                                                     ; EP3C120F780C7      ;                    ;
; Top-level entity name                                                      ; Esquematico        ; ImplementacionI2C  ;
; Family name                                                                ; Cyclone III        ; Cyclone IV GX      ;
; Use smart compilation                                                      ; Off                ; Off                ;
; Enable parallel Assembler and TimeQuest Timing Analyzer during compilation ; On                 ; On                 ;
; Enable compact report table                                                ; Off                ; Off                ;
; Restructure Multiplexers                                                   ; Auto               ; Auto               ;
; Create Debugging Nodes for IP Cores                                        ; Off                ; Off                ;
; Preserve fewer node names                                                  ; On                 ; On                 ;
; Disable OpenCore Plus hardware evaluation                                  ; Off                ; Off                ;
; Verilog Version                                                            ; Verilog_2001       ; Verilog_2001       ;
; VHDL Version                                                               ; VHDL_1993          ; VHDL_1993          ;
; State Machine Processing                                                   ; Auto               ; Auto               ;
; Safe State Machine                                                         ; Off                ; Off                ;
; Extract Verilog State Machines                                             ; On                 ; On                 ;
; Extract VHDL State Machines                                                ; On                 ; On                 ;
; Ignore Verilog initial constructs                                          ; Off                ; Off                ;
; Iteration limit for constant Verilog loops                                 ; 5000               ; 5000               ;
; Iteration limit for non-constant Verilog loops                             ; 250                ; 250                ;
; Add Pass-Through Logic to Inferred RAMs                                    ; On                 ; On                 ;
; Infer RAMs from Raw Logic                                                  ; On                 ; On                 ;
; Parallel Synthesis                                                         ; On                 ; On                 ;
; DSP Block Balancing                                                        ; Auto               ; Auto               ;
; NOT Gate Push-Back                                                         ; On                 ; On                 ;
; Power-Up Don't Care                                                        ; On                 ; On                 ;
; Remove Redundant Logic Cells                                               ; Off                ; Off                ;
; Remove Duplicate Registers                                                 ; On                 ; On                 ;
; Ignore CARRY Buffers                                                       ; Off                ; Off                ;
; Ignore CASCADE Buffers                                                     ; Off                ; Off                ;
; Ignore GLOBAL Buffers                                                      ; Off                ; Off                ;
; Ignore ROW GLOBAL Buffers                                                  ; Off                ; Off                ;
; Ignore LCELL Buffers                                                       ; Off                ; Off                ;
; Ignore SOFT Buffers                                                        ; On                 ; On                 ;
; Limit AHDL Integers to 32 Bits                                             ; Off                ; Off                ;
; Optimization Technique                                                     ; Balanced           ; Balanced           ;
; Carry Chain Length                                                         ; 70                 ; 70                 ;
; Auto Carry Chains                                                          ; On                 ; On                 ;
; Auto Open-Drain Pins                                                       ; On                 ; On                 ;
; Perform WYSIWYG Primitive Resynthesis                                      ; Off                ; Off                ;
; Auto ROM Replacement                                                       ; On                 ; On                 ;
; Auto RAM Replacement                                                       ; On                 ; On                 ;
; Auto DSP Block Replacement                                                 ; On                 ; On                 ;
; Auto Shift Register Replacement                                            ; Auto               ; Auto               ;
; Allow Shift Register Merging across Hierarchies                            ; Auto               ; Auto               ;
; Auto Clock Enable Replacement                                              ; On                 ; On                 ;
; Strict RAM Replacement                                                     ; Off                ; Off                ;
; Allow Synchronous Control Signals                                          ; On                 ; On                 ;
; Force Use of Synchronous Clear Signals                                     ; Off                ; Off                ;
; Auto RAM Block Balancing                                                   ; On                 ; On                 ;
; Auto RAM to Logic Cell Conversion                                          ; Off                ; Off                ;
; Auto Resource Sharing                                                      ; Off                ; Off                ;
; Allow Any RAM Size For Recognition                                         ; Off                ; Off                ;
; Allow Any ROM Size For Recognition                                         ; Off                ; Off                ;
; Allow Any Shift Register Size For Recognition                              ; Off                ; Off                ;
; Use LogicLock Constraints during Resource Balancing                        ; On                 ; On                 ;
; Ignore translate_off and synthesis_off directives                          ; Off                ; Off                ;
; Timing-Driven Synthesis                                                    ; On                 ; On                 ;
; Report Parameter Settings                                                  ; On                 ; On                 ;
; Report Source Assignments                                                  ; On                 ; On                 ;
; Report Connectivity Checks                                                 ; On                 ; On                 ;
; Ignore Maximum Fan-Out Assignments                                         ; Off                ; Off                ;
; Synchronization Register Chain Length                                      ; 2                  ; 2                  ;
; PowerPlay Power Optimization                                               ; Normal compilation ; Normal compilation ;
; HDL message level                                                          ; Level2             ; Level2             ;
; Suppress Register Optimization Related Messages                            ; Off                ; Off                ;
; Number of Removed Registers Reported in Synthesis Report                   ; 5000               ; 5000               ;
; Number of Swept Nodes Reported in Synthesis Report                         ; 5000               ; 5000               ;
; Number of Inverted Registers Reported in Synthesis Report                  ; 100                ; 100                ;
; Clock MUX Protection                                                       ; On                 ; On                 ;
; Auto Gated Clock Conversion                                                ; Off                ; Off                ;
; Block Design Naming                                                        ; Auto               ; Auto               ;
; SDC constraint protection                                                  ; Off                ; Off                ;
; Synthesis Effort                                                           ; Auto               ; Auto               ;
; Shift Register Replacement - Allow Asynchronous Clear Signal               ; On                 ; On                 ;
; Pre-Mapping Resynthesis Optimization                                       ; Off                ; Off                ;
; Analysis & Synthesis Message Level                                         ; Medium             ; Medium             ;
; Disable Register Merging Across Hierarchies                                ; Auto               ; Auto               ;
; Resource Aware Inference For Block RAM                                     ; On                 ; On                 ;
; Synthesis Seed                                                             ; 1                  ; 1                  ;
+----------------------------------------------------------------------------+--------------------+--------------------+


Parallel compilation was disabled, but you have multiple processors available. Enable parallel compilation to reduce compilation time.
+-------------------------------------+
; Parallel Compilation                ;
+----------------------------+--------+
; Processors                 ; Number ;
+----------------------------+--------+
; Number detected on machine ; 4      ;
; Maximum allowed            ; 1      ;
+----------------------------+--------+


+-------------------------------------------------------------------------------------------------------------------------------------------------------------------------------+
; Analysis & Synthesis Source Files Read                                                                                                                                        ;
+----------------------------------+-----------------+------------------------------------+---------------------------------------------------------------------------+---------+
; File Name with User-Entered Path ; Used in Netlist ; File Type                          ; File Name with Absolute Path                                              ; Library ;
+----------------------------------+-----------------+------------------------------------+---------------------------------------------------------------------------+---------+
; Esquematico.bdf                  ; yes             ; User Block Diagram/Schematic File  ; C:/Users/Administrador/Desktop/TyDD2 2025/ParteF1/Esquematico.bdf         ;         ;
; esaeslacuestion.bdf              ; yes             ; User Block Diagram/Schematic File  ; C:/Users/Administrador/Desktop/TyDD2 2025/ParteF1/esaeslacuestion.bdf     ;         ;
; Registro8Bits.vhd                ; yes             ; User Wizard-Generated File         ; C:/Users/Administrador/Desktop/TyDD2 2025/ParteF1/Registro8Bits.vhd       ;         ;
; ImplementacionI2C.vhd            ; yes             ; User VHDL File                     ; C:/Users/Administrador/Desktop/TyDD2 2025/ParteF1/ImplementacionI2C.vhd   ;         ;
; Registro7bits.vhd                ; yes             ; User Wizard-Generated File         ; C:/Users/Administrador/Desktop/TyDD2 2025/ParteF1/Registro7bits.vhd       ;         ;
; seronoser.bdf                    ; yes             ; User Block Diagram/Schematic File  ; C:/Users/Administrador/Desktop/TyDD2 2025/ParteF1/seronoser.bdf           ;         ;
; Comparador.vhd                   ; yes             ; User Wizard-Generated File         ; C:/Users/Administrador/Desktop/TyDD2 2025/ParteF1/Comparador.vhd          ;         ;
; ComparadorMod7.vhd               ; yes             ; User Wizard-Generated File         ; C:/Users/Administrador/Desktop/TyDD2 2025/ParteF1/ComparadorMod7.vhd      ;         ;
; lpm_counter0.vhd                 ; yes             ; User Wizard-Generated File         ; C:/Users/Administrador/Desktop/TyDD2 2025/ParteF1/lpm_counter0.vhd        ;         ;
; Direccion.vhd                    ; yes             ; User VHDL File                     ; C:/Users/Administrador/Desktop/TyDD2 2025/ParteF1/Direccion.vhd           ;         ;
; lpm_counter.tdf                  ; yes             ; Megafunction                       ; c:/altera/13.0sp1/quartus/libraries/megafunctions/lpm_counter.tdf         ;         ;
; lpm_constant.inc                 ; yes             ; Megafunction                       ; c:/altera/13.0sp1/quartus/libraries/megafunctions/lpm_constant.inc        ;         ;
; lpm_decode.inc                   ; yes             ; Megafunction                       ; c:/altera/13.0sp1/quartus/libraries/megafunctions/lpm_decode.inc          ;         ;
; lpm_add_sub.inc                  ; yes             ; Megafunction                       ; c:/altera/13.0sp1/quartus/libraries/megafunctions/lpm_add_sub.inc         ;         ;
; cmpconst.inc                     ; yes             ; Megafunction                       ; c:/altera/13.0sp1/quartus/libraries/megafunctions/cmpconst.inc            ;         ;
; lpm_compare.inc                  ; yes             ; Megafunction                       ; c:/altera/13.0sp1/quartus/libraries/megafunctions/lpm_compare.inc         ;         ;
; lpm_counter.inc                  ; yes             ; Megafunction                       ; c:/altera/13.0sp1/quartus/libraries/megafunctions/lpm_counter.inc         ;         ;
; dffeea.inc                       ; yes             ; Megafunction                       ; c:/altera/13.0sp1/quartus/libraries/megafunctions/dffeea.inc              ;         ;
; alt_counter_stratix.inc          ; yes             ; Megafunction                       ; c:/altera/13.0sp1/quartus/libraries/megafunctions/alt_counter_stratix.inc ;         ;
; aglobal130.inc                   ; yes             ; Megafunction                       ; c:/altera/13.0sp1/quartus/libraries/megafunctions/aglobal130.inc          ;         ;
; db/cntr_r6i.tdf                  ; yes             ; Auto-Generated Megafunction        ; C:/Users/Administrador/Desktop/TyDD2 2025/ParteF1/db/cntr_r6i.tdf         ;         ;
; lpm_shiftreg.tdf                 ; yes             ; Megafunction                       ; c:/altera/13.0sp1/quartus/libraries/megafunctions/lpm_shiftreg.tdf        ;         ;
; lpm_compare.tdf                  ; yes             ; Megafunction                       ; c:/altera/13.0sp1/quartus/libraries/megafunctions/lpm_compare.tdf         ;         ;
; comptree.inc                     ; yes             ; Megafunction                       ; c:/altera/13.0sp1/quartus/libraries/megafunctions/comptree.inc            ;         ;
; altshift.inc                     ; yes             ; Megafunction                       ; c:/altera/13.0sp1/quartus/libraries/megafunctions/altshift.inc            ;         ;
; db/cmpr_lkg.tdf                  ; yes             ; Auto-Generated Megafunction        ; C:/Users/Administrador/Desktop/TyDD2 2025/ParteF1/db/cmpr_lkg.tdf         ;         ;
; db/cmpr_oaj.tdf                  ; yes             ; Auto-Generated Megafunction        ; C:/Users/Administrador/Desktop/TyDD2 2025/ParteF1/db/cmpr_oaj.tdf         ;         ;
+----------------------------------+-----------------+------------------------------------+---------------------------------------------------------------------------+---------+


+--------------------------------------------------------------------+
; Analysis & Synthesis Resource Usage Summary                        ;
+---------------------------------------------+----------------------+
; Resource                                    ; Usage                ;
+---------------------------------------------+----------------------+
; Estimated Total logic elements              ; 25                   ;
;                                             ;                      ;
; Total combinational functions               ; 17                   ;
; Logic element usage by number of LUT inputs ;                      ;
;     -- 4 input functions                    ; 5                    ;
;     -- 3 input functions                    ; 3                    ;
;     -- <=2 input functions                  ; 9                    ;
;                                             ;                      ;
; Logic elements by mode                      ;                      ;
;     -- normal mode                          ; 12                   ;
;     -- arithmetic mode                      ; 5                    ;
;                                             ;                      ;
; Total registers                             ; 18                   ;
;     -- Dedicated logic registers            ; 18                   ;
;     -- I/O registers                        ; 0                    ;
;                                             ;                      ;
; I/O pins                                    ; 9                    ;
; Embedded Multiplier 9-bit elements          ; 0                    ;
; Maximum fan-out node                        ; seronoser:inst|inst2 ;
; Maximum fan-out                             ; 10                   ;
; Total fan-out                               ; 95                   ;
; Average fan-out                             ; 1.79                 ;
+---------------------------------------------+----------------------+


+---------------------------------------------------------------------------------------------------------------------------------------------------------------------------------------------------------------------------------------------------------------------------------------------+
; Analysis & Synthesis Resource Utilization by Entity                                                                                                                                                                                                                                         ;
+------------------------------------------------+-------------------+--------------+-------------+--------------+---------+-----------+------+--------------+-----------------------------------------------------------------------------------------------------------------+--------------+
; Compilation Hierarchy Node                     ; LC Combinationals ; LC Registers ; Memory Bits ; DSP Elements ; DSP 9x9 ; DSP 18x18 ; Pins ; Virtual Pins ; Full Hierarchy Name                                                                                             ; Library Name ;
+------------------------------------------------+-------------------+--------------+-------------+--------------+---------+-----------+------+--------------+-----------------------------------------------------------------------------------------------------------------+--------------+
; |Esquematico                                   ; 17 (0)            ; 18 (0)       ; 0           ; 0            ; 0       ; 0         ; 9    ; 0            ; |Esquematico                                                                                                    ; work         ;
;    |ImplementacionI2C:inst3|                   ; 5 (5)             ; 5 (5)        ; 0           ; 0            ; 0       ; 0         ; 0    ; 0            ; |Esquematico|ImplementacionI2C:inst3                                                                            ; work         ;
;    |esaeslacuestion:inst2|                     ; 5 (1)             ; 3 (0)        ; 0           ; 0            ; 0       ; 0         ; 0    ; 0            ; |Esquematico|esaeslacuestion:inst2                                                                              ; work         ;
;       |lpm_counter0:inst5|                     ; 4 (0)             ; 3 (0)        ; 0           ; 0            ; 0       ; 0         ; 0    ; 0            ; |Esquematico|esaeslacuestion:inst2|lpm_counter0:inst5                                                           ; work         ;
;          |lpm_counter:LPM_COUNTER_component|   ; 4 (0)             ; 3 (0)        ; 0           ; 0            ; 0       ; 0         ; 0    ; 0            ; |Esquematico|esaeslacuestion:inst2|lpm_counter0:inst5|lpm_counter:LPM_COUNTER_component                         ; work         ;
;             |cntr_r6i:auto_generated|          ; 4 (4)             ; 3 (3)        ; 0           ; 0            ; 0       ; 0         ; 0    ; 0            ; |Esquematico|esaeslacuestion:inst2|lpm_counter0:inst5|lpm_counter:LPM_COUNTER_component|cntr_r6i:auto_generated ; work         ;
;    |seronoser:inst|                            ; 7 (1)             ; 10 (0)       ; 0           ; 0            ; 0       ; 0         ; 0    ; 0            ; |Esquematico|seronoser:inst                                                                                     ; work         ;
;       |Comparador:inst10|                      ; 2 (0)             ; 0 (0)        ; 0           ; 0            ; 0       ; 0         ; 0    ; 0            ; |Esquematico|seronoser:inst|Comparador:inst10                                                                   ; work         ;
;          |lpm_compare:LPM_COMPARE_component|   ; 2 (0)             ; 0 (0)        ; 0           ; 0            ; 0       ; 0         ; 0    ; 0            ; |Esquematico|seronoser:inst|Comparador:inst10|lpm_compare:LPM_COMPARE_component                                 ; work         ;
;             |cmpr_lkg:auto_generated|          ; 2 (2)             ; 0 (0)        ; 0           ; 0            ; 0       ; 0         ; 0    ; 0            ; |Esquematico|seronoser:inst|Comparador:inst10|lpm_compare:LPM_COMPARE_component|cmpr_lkg:auto_generated         ; work         ;
;       |ComparadorMod7:inst11|                  ; 1 (0)             ; 0 (0)        ; 0           ; 0            ; 0       ; 0         ; 0    ; 0            ; |Esquematico|seronoser:inst|ComparadorMod7:inst11                                                               ; work         ;
;          |lpm_compare:LPM_COMPARE_component|   ; 1 (0)             ; 0 (0)        ; 0           ; 0            ; 0       ; 0         ; 0    ; 0            ; |Esquematico|seronoser:inst|ComparadorMod7:inst11|lpm_compare:LPM_COMPARE_component                             ; work         ;
;             |cmpr_oaj:auto_generated|          ; 1 (1)             ; 0 (0)        ; 0           ; 0            ; 0       ; 0         ; 0    ; 0            ; |Esquematico|seronoser:inst|ComparadorMod7:inst11|lpm_compare:LPM_COMPARE_component|cmpr_oaj:auto_generated     ; work         ;
;       |Registro7bits:inst9|                    ; 0 (0)             ; 7 (0)        ; 0           ; 0            ; 0       ; 0         ; 0    ; 0            ; |Esquematico|seronoser:inst|Registro7bits:inst9                                                                 ; work         ;
;          |lpm_shiftreg:LPM_SHIFTREG_component| ; 0 (0)             ; 7 (7)        ; 0           ; 0            ; 0       ; 0         ; 0    ; 0            ; |Esquematico|seronoser:inst|Registro7bits:inst9|lpm_shiftreg:LPM_SHIFTREG_component                             ; work         ;
;       |lpm_counter0:inst|                      ; 3 (0)             ; 3 (0)        ; 0           ; 0            ; 0       ; 0         ; 0    ; 0            ; |Esquematico|seronoser:inst|lpm_counter0:inst                                                                   ; work         ;
;          |lpm_counter:LPM_COUNTER_component|   ; 3 (0)             ; 3 (0)        ; 0           ; 0            ; 0       ; 0         ; 0    ; 0            ; |Esquematico|seronoser:inst|lpm_counter0:inst|lpm_counter:LPM_COUNTER_component                                 ; work         ;
;             |cntr_r6i:auto_generated|          ; 3 (3)             ; 3 (3)        ; 0           ; 0            ; 0       ; 0         ; 0    ; 0            ; |Esquematico|seronoser:inst|lpm_counter0:inst|lpm_counter:LPM_COUNTER_component|cntr_r6i:auto_generated         ; work         ;
+------------------------------------------------+-------------------+--------------+-------------+--------------+---------+-----------+------+--------------+-----------------------------------------------------------------------------------------------------------------+--------------+
Note: For table entries with two numbers listed, the numbers in parentheses indicate the number of resources of the given type used by the specific entity alone. The numbers listed outside of parentheses indicate the total resources of the given type used by the specific entity and all of its sub-entities in the hierarchy.


+-----------------------------------------------------------------------------------------------------------------------------------------------------------------------------------------------+
; Analysis & Synthesis IP Cores Summary                                                                                                                                                         ;
+--------+--------------+---------+--------------+--------------+--------------------------------------------------------+----------------------------------------------------------------------+
; Vendor ; IP Core Name ; Version ; Release Date ; License Type ; Entity Instance                                        ; IP Include File                                                      ;
+--------+--------------+---------+--------------+--------------+--------------------------------------------------------+----------------------------------------------------------------------+
; Altera ; LPM_COUNTER  ; 13.0    ; N/A          ; N/A          ; |Esquematico|seronoser:inst|lpm_counter0:inst          ; C:/Users/Administrador/Desktop/TyDD2 2025/ParteF1/lpm_counter0.vhd   ;
; Altera ; LPM_SHIFTREG ; 13.0    ; N/A          ; N/A          ; |Esquematico|seronoser:inst|Registro7bits:inst9        ; C:/Users/Administrador/Desktop/TyDD2 2025/ParteF1/Registro7bits.vhd  ;
; Altera ; LPM_COMPARE  ; 13.0    ; N/A          ; N/A          ; |Esquematico|seronoser:inst|Comparador:inst10          ; C:/Users/Administrador/Desktop/TyDD2 2025/ParteF1/Comparador.vhd     ;
; Altera ; LPM_COMPARE  ; 13.0    ; N/A          ; N/A          ; |Esquematico|seronoser:inst|ComparadorMod7:inst11      ; C:/Users/Administrador/Desktop/TyDD2 2025/ParteF1/ComparadorMod7.vhd ;
; Altera ; LPM_COUNTER  ; 13.0    ; N/A          ; N/A          ; |Esquematico|esaeslacuestion:inst2|lpm_counter0:inst5  ; C:/Users/Administrador/Desktop/TyDD2 2025/ParteF1/lpm_counter0.vhd   ;
; Altera ; LPM_SHIFTREG ; N/A     ; N/A          ; N/A          ; |Esquematico|esaeslacuestion:inst2|Registro8Bits:inst7 ; C:/Users/Administrador/Desktop/TyDD2 2025/ParteF1/Registro8Bits.vhd  ;
+--------+--------------+---------+--------------+--------------+--------------------------------------------------------+----------------------------------------------------------------------+


Encoding Type:  One-Hot
+--------------------------------------------------------------------------------------------------------------+
; State Machine - |Esquematico|ImplementacionI2C:inst3|fstate                                                  ;
+--------------------+-------------------+--------------------+------------+------------------+----------------+
; Name               ; fstate.Guardadato ; fstate.Acknowledge ; fstate.RyW ; fstate.Guardadir ; fstate.Oscioso ;
+--------------------+-------------------+--------------------+------------+------------------+----------------+
; fstate.Oscioso     ; 0                 ; 0                  ; 0          ; 0                ; 0              ;
; fstate.Guardadir   ; 0                 ; 0                  ; 0          ; 1                ; 1              ;
; fstate.RyW         ; 0                 ; 0                  ; 1          ; 0                ; 1              ;
; fstate.Acknowledge ; 0                 ; 1                  ; 0          ; 0                ; 1              ;
; fstate.Guardadato  ; 1                 ; 0                  ; 0          ; 0                ; 1              ;
+--------------------+-------------------+--------------------+------------+------------------+----------------+


+------------------------------------------------------+
; General Register Statistics                          ;
+----------------------------------------------+-------+
; Statistic                                    ; Value ;
+----------------------------------------------+-------+
; Total registers                              ; 18    ;
; Number of registers using Synchronous Clear  ; 0     ;
; Number of registers using Synchronous Load   ; 0     ;
; Number of registers using Asynchronous Clear ; 0     ;
; Number of registers using Asynchronous Load  ; 0     ;
; Number of registers using Clock Enable       ; 0     ;
; Number of registers using Preset             ; 0     ;
+----------------------------------------------+-------+


+-------------------------------------------------------------------------------------------------------------------------+
; Parameter Settings for User Entity Instance: esaeslacuestion:inst2|lpm_counter0:inst5|lpm_counter:LPM_COUNTER_component ;
+------------------------+-------------+----------------------------------------------------------------------------------+
; Parameter Name         ; Value       ; Type                                                                             ;
+------------------------+-------------+----------------------------------------------------------------------------------+
; AUTO_CARRY_CHAINS      ; ON          ; AUTO_CARRY                                                                       ;
; IGNORE_CARRY_BUFFERS   ; OFF         ; IGNORE_CARRY                                                                     ;
; AUTO_CASCADE_CHAINS    ; ON          ; AUTO_CASCADE                                                                     ;
; IGNORE_CASCADE_BUFFERS ; OFF         ; IGNORE_CASCADE                                                                   ;
; LPM_WIDTH              ; 3           ; Signed Integer                                                                   ;
; LPM_DIRECTION          ; UP          ; Untyped                                                                          ;
; LPM_MODULUS            ; 0           ; Untyped                                                                          ;
; LPM_AVALUE             ; UNUSED      ; Untyped                                                                          ;
; LPM_SVALUE             ; UNUSED      ; Untyped                                                                          ;
; LPM_PORT_UPDOWN        ; PORT_UNUSED ; Untyped                                                                          ;
; DEVICE_FAMILY          ; Cyclone III ; Untyped                                                                          ;
; CARRY_CHAIN            ; MANUAL      ; Untyped                                                                          ;
; CARRY_CHAIN_LENGTH     ; 48          ; CARRY_CHAIN_LENGTH                                                               ;
; NOT_GATE_PUSH_BACK     ; ON          ; NOT_GATE_PUSH_BACK                                                               ;
; CARRY_CNT_EN           ; SMART       ; Untyped                                                                          ;
; LABWIDE_SCLR           ; ON          ; Untyped                                                                          ;
; USE_NEW_VERSION        ; TRUE        ; Untyped                                                                          ;
; CBXI_PARAMETER         ; cntr_r6i    ; Untyped                                                                          ;
+------------------------+-------------+----------------------------------------------------------------------------------+
Note: In order to hide this table in the UI and the text report file, please set the "Show Parameter Settings in Synthesis Report" option in "Analysis and Synthesis Settings -> More Settings" to "Off".


+----------------------------------------------------------------------------------------------------------------------------+
; Parameter Settings for User Entity Instance: esaeslacuestion:inst2|Registro8Bits:inst7|lpm_shiftreg:LPM_SHIFTREG_component ;
+------------------------+-------------+-------------------------------------------------------------------------------------+
; Parameter Name         ; Value       ; Type                                                                                ;
+------------------------+-------------+-------------------------------------------------------------------------------------+
; LPM_WIDTH              ; 3           ; Signed Integer                                                                      ;
; LPM_DIRECTION          ; LEFT        ; Untyped                                                                             ;
; LPM_AVALUE             ; UNUSED      ; Untyped                                                                             ;
; LPM_SVALUE             ; UNUSED      ; Untyped                                                                             ;
; DEVICE_FAMILY          ; Cyclone III ; Untyped                                                                             ;
; AUTO_CARRY_CHAINS      ; ON          ; AUTO_CARRY                                                                          ;
; IGNORE_CARRY_BUFFERS   ; OFF         ; IGNORE_CARRY                                                                        ;
; AUTO_CASCADE_CHAINS    ; ON          ; AUTO_CASCADE                                                                        ;
; IGNORE_CASCADE_BUFFERS ; OFF         ; IGNORE_CASCADE                                                                      ;
+------------------------+-------------+-------------------------------------------------------------------------------------+
Note: In order to hide this table in the UI and the text report file, please set the "Show Parameter Settings in Synthesis Report" option in "Analysis and Synthesis Settings -> More Settings" to "Off".


+-----------------------------------------------------------------------------------------------------------------+
; Parameter Settings for User Entity Instance: seronoser:inst|Comparador:inst10|lpm_compare:LPM_COMPARE_component ;
+------------------------+-------------+--------------------------------------------------------------------------+
; Parameter Name         ; Value       ; Type                                                                     ;
+------------------------+-------------+--------------------------------------------------------------------------+
; lpm_width              ; 7           ; Signed Integer                                                           ;
; LPM_REPRESENTATION     ; UNSIGNED    ; Untyped                                                                  ;
; LPM_PIPELINE           ; 0           ; Untyped                                                                  ;
; CHAIN_SIZE             ; 8           ; Untyped                                                                  ;
; ONE_INPUT_IS_CONSTANT  ; NO          ; Untyped                                                                  ;
; CARRY_CHAIN            ; MANUAL      ; Untyped                                                                  ;
; CASCADE_CHAIN          ; MANUAL      ; Untyped                                                                  ;
; CARRY_CHAIN_LENGTH     ; 48          ; CARRY_CHAIN_LENGTH                                                       ;
; CASCADE_CHAIN_LENGTH   ; 2           ; CASCADE_CHAIN_LENGTH                                                     ;
; DEVICE_FAMILY          ; Cyclone III ; Untyped                                                                  ;
; CBXI_PARAMETER         ; cmpr_lkg    ; Untyped                                                                  ;
; AUTO_CARRY_CHAINS      ; ON          ; AUTO_CARRY                                                               ;
; IGNORE_CARRY_BUFFERS   ; OFF         ; IGNORE_CARRY                                                             ;
; AUTO_CASCADE_CHAINS    ; ON          ; AUTO_CASCADE                                                             ;
; IGNORE_CASCADE_BUFFERS ; OFF         ; IGNORE_CASCADE                                                           ;
+------------------------+-------------+--------------------------------------------------------------------------+
Note: In order to hide this table in the UI and the text report file, please set the "Show Parameter Settings in Synthesis Report" option in "Analysis and Synthesis Settings -> More Settings" to "Off".


+---------------------------------------------------------------------------------------------------------------------+
; Parameter Settings for User Entity Instance: seronoser:inst|Registro7bits:inst9|lpm_shiftreg:LPM_SHIFTREG_component ;
+------------------------+-------------+------------------------------------------------------------------------------+
; Parameter Name         ; Value       ; Type                                                                         ;
+------------------------+-------------+------------------------------------------------------------------------------+
; LPM_WIDTH              ; 7           ; Signed Integer                                                               ;
; LPM_DIRECTION          ; LEFT        ; Untyped                                                                      ;
; LPM_AVALUE             ; UNUSED      ; Untyped                                                                      ;
; LPM_SVALUE             ; UNUSED      ; Untyped                                                                      ;
; DEVICE_FAMILY          ; Cyclone III ; Untyped                                                                      ;
; AUTO_CARRY_CHAINS      ; ON          ; AUTO_CARRY                                                                   ;
; IGNORE_CARRY_BUFFERS   ; OFF         ; IGNORE_CARRY                                                                 ;
; AUTO_CASCADE_CHAINS    ; ON          ; AUTO_CASCADE                                                                 ;
; IGNORE_CASCADE_BUFFERS ; OFF         ; IGNORE_CASCADE                                                               ;
+------------------------+-------------+------------------------------------------------------------------------------+
Note: In order to hide this table in the UI and the text report file, please set the "Show Parameter Settings in Synthesis Report" option in "Analysis and Synthesis Settings -> More Settings" to "Off".


+---------------------------------------------------------------------------------------------------------------------+
; Parameter Settings for User Entity Instance: seronoser:inst|ComparadorMod7:inst11|lpm_compare:LPM_COMPARE_component ;
+------------------------+-------------+------------------------------------------------------------------------------+
; Parameter Name         ; Value       ; Type                                                                         ;
+------------------------+-------------+------------------------------------------------------------------------------+
; lpm_width              ; 3           ; Signed Integer                                                               ;
; LPM_REPRESENTATION     ; UNSIGNED    ; Untyped                                                                      ;
; LPM_PIPELINE           ; 0           ; Untyped                                                                      ;
; CHAIN_SIZE             ; 8           ; Untyped                                                                      ;
; ONE_INPUT_IS_CONSTANT  ; YES         ; Untyped                                                                      ;
; CARRY_CHAIN            ; MANUAL      ; Untyped                                                                      ;
; CASCADE_CHAIN          ; MANUAL      ; Untyped                                                                      ;
; CARRY_CHAIN_LENGTH     ; 48          ; CARRY_CHAIN_LENGTH                                                           ;
; CASCADE_CHAIN_LENGTH   ; 2           ; CASCADE_CHAIN_LENGTH                                                         ;
; DEVICE_FAMILY          ; Cyclone III ; Untyped                                                                      ;
; CBXI_PARAMETER         ; cmpr_oaj    ; Untyped                                                                      ;
; AUTO_CARRY_CHAINS      ; ON          ; AUTO_CARRY                                                                   ;
; IGNORE_CARRY_BUFFERS   ; OFF         ; IGNORE_CARRY                                                                 ;
; AUTO_CASCADE_CHAINS    ; ON          ; AUTO_CASCADE                                                                 ;
; IGNORE_CASCADE_BUFFERS ; OFF         ; IGNORE_CASCADE                                                               ;
+------------------------+-------------+------------------------------------------------------------------------------+
Note: In order to hide this table in the UI and the text report file, please set the "Show Parameter Settings in Synthesis Report" option in "Analysis and Synthesis Settings -> More Settings" to "Off".


+-----------------------------------------------------------------------------------------------------------------+
; Parameter Settings for User Entity Instance: seronoser:inst|lpm_counter0:inst|lpm_counter:LPM_COUNTER_component ;
+------------------------+-------------+--------------------------------------------------------------------------+
; Parameter Name         ; Value       ; Type                                                                     ;
+------------------------+-------------+--------------------------------------------------------------------------+
; AUTO_CARRY_CHAINS      ; ON          ; AUTO_CARRY                                                               ;
; IGNORE_CARRY_BUFFERS   ; OFF         ; IGNORE_CARRY                                                             ;
; AUTO_CASCADE_CHAINS    ; ON          ; AUTO_CASCADE                                                             ;
; IGNORE_CASCADE_BUFFERS ; OFF         ; IGNORE_CASCADE                                                           ;
; LPM_WIDTH              ; 3           ; Signed Integer                                                           ;
; LPM_DIRECTION          ; UP          ; Untyped                                                                  ;
; LPM_MODULUS            ; 0           ; Untyped                                                                  ;
; LPM_AVALUE             ; UNUSED      ; Untyped                                                                  ;
; LPM_SVALUE             ; UNUSED      ; Untyped                                                                  ;
; LPM_PORT_UPDOWN        ; PORT_UNUSED ; Untyped                                                                  ;
; DEVICE_FAMILY          ; Cyclone III ; Untyped                                                                  ;
; CARRY_CHAIN            ; MANUAL      ; Untyped                                                                  ;
; CARRY_CHAIN_LENGTH     ; 48          ; CARRY_CHAIN_LENGTH                                                       ;
; NOT_GATE_PUSH_BACK     ; ON          ; NOT_GATE_PUSH_BACK                                                       ;
; CARRY_CNT_EN           ; SMART       ; Untyped                                                                  ;
; LABWIDE_SCLR           ; ON          ; Untyped                                                                  ;
; USE_NEW_VERSION        ; TRUE        ; Untyped                                                                  ;
; CBXI_PARAMETER         ; cntr_r6i    ; Untyped                                                                  ;
+------------------------+-------------+--------------------------------------------------------------------------+
Note: In order to hide this table in the UI and the text report file, please set the "Show Parameter Settings in Synthesis Report" option in "Analysis and Synthesis Settings -> More Settings" to "Off".


+------------------------------------------------------------------------------------------------------------+
; lpm_shiftreg Parameter Settings by Entity Instance                                                         ;
+----------------------------+-------------------------------------------------------------------------------+
; Name                       ; Value                                                                         ;
+----------------------------+-------------------------------------------------------------------------------+
; Number of entity instances ; 2                                                                             ;
; Entity Instance            ; esaeslacuestion:inst2|Registro8Bits:inst7|lpm_shiftreg:LPM_SHIFTREG_component ;
;     -- LPM_WIDTH           ; 3                                                                             ;
;     -- LPM_DIRECTION       ; LEFT                                                                          ;
; Entity Instance            ; seronoser:inst|Registro7bits:inst9|lpm_shiftreg:LPM_SHIFTREG_component        ;
;     -- LPM_WIDTH           ; 7                                                                             ;
;     -- LPM_DIRECTION       ; LEFT                                                                          ;
+----------------------------+-------------------------------------------------------------------------------+


+-------------------------------+
; Elapsed Time Per Partition    ;
+----------------+--------------+
; Partition Name ; Elapsed Time ;
+----------------+--------------+
; Top            ; 00:00:00     ;
+----------------+--------------+


+-------------------------------+
; Analysis & Synthesis Messages ;
+-------------------------------+
Info: *******************************************************************
Info: Running Quartus II 64-Bit Analysis & Synthesis
    Info: Version 13.0.1 Build 232 06/12/2013 Service Pack 1 SJ Web Edition
    Info: Processing started: Mon Oct 27 14:07:45 2025
Info: Command: quartus_map --read_settings_files=on --write_settings_files=off ImplementacionI2C -c ImplementacionI2C
Warning (20028): Parallel compilation is not licensed and has been disabled
Info (12021): Found 1 design units, including 1 entities, in source file esquematico.bdf
    Info (12023): Found entity 1: Esquematico
Info (12021): Found 1 design units, including 1 entities, in source file esaeslacuestion.bdf
    Info (12023): Found entity 1: esaeslacuestion
Info (12021): Found 2 design units, including 1 entities, in source file registro8bits.vhd
    Info (12022): Found design unit 1: registro8bits-SYN
    Info (12023): Found entity 1: Registro8Bits
Info (12021): Found 2 design units, including 1 entities, in source file implementacioni2c.vhd
    Info (12022): Found design unit 1: ImplementacionI2C-BEHAVIOR
    Info (12023): Found entity 1: ImplementacionI2C
Info (12021): Found 2 design units, including 1 entities, in source file registro7bits.vhd
    Info (12022): Found design unit 1: registro7bits-SYN
    Info (12023): Found entity 1: Registro7bits
Info (12021): Found 1 design units, including 1 entities, in source file seronoser.bdf
    Info (12023): Found entity 1: seronoser
Info (12021): Found 2 design units, including 1 entities, in source file comparador.vhd
    Info (12022): Found design unit 1: comparador-SYN
    Info (12023): Found entity 1: Comparador
Info (12021): Found 2 design units, including 1 entities, in source file comparadormod7.vhd
    Info (12022): Found design unit 1: comparadormod7-SYN
    Info (12023): Found entity 1: ComparadorMod7
Info (12021): Found 2 design units, including 1 entities, in source file lpm_counter0.vhd
    Info (12022): Found design unit 1: lpm_counter0-SYN
    Info (12023): Found entity 1: lpm_counter0
Info (12021): Found 2 design units, including 1 entities, in source file direccion.vhd
    Info (12022): Found design unit 1: Direccion-hola
    Info (12023): Found entity 1: Direccion
Info (12127): Elaborating entity "Esquematico" for the top level hierarchy
Info (12128): Elaborating entity "ImplementacionI2C" for hierarchy "ImplementacionI2C:inst3"
Info (12128): Elaborating entity "esaeslacuestion" for hierarchy "esaeslacuestion:inst2"
Info (12128): Elaborating entity "lpm_counter0" for hierarchy "esaeslacuestion:inst2|lpm_counter0:inst5"
Info (12128): Elaborating entity "lpm_counter" for hierarchy "esaeslacuestion:inst2|lpm_counter0:inst5|lpm_counter:LPM_COUNTER_component"
Info (12130): Elaborated megafunction instantiation "esaeslacuestion:inst2|lpm_counter0:inst5|lpm_counter:LPM_COUNTER_component"
Info (12133): Instantiated megafunction "esaeslacuestion:inst2|lpm_counter0:inst5|lpm_counter:LPM_COUNTER_component" with the following parameter:
    Info (12134): Parameter "lpm_direction" = "UP"
    Info (12134): Parameter "lpm_port_updown" = "PORT_UNUSED"
    Info (12134): Parameter "lpm_type" = "LPM_COUNTER"
    Info (12134): Parameter "lpm_width" = "3"
Info (12021): Found 1 design units, including 1 entities, in source file db/cntr_r6i.tdf
    Info (12023): Found entity 1: cntr_r6i
Info (12128): Elaborating entity "cntr_r6i" for hierarchy "esaeslacuestion:inst2|lpm_counter0:inst5|lpm_counter:LPM_COUNTER_component|cntr_r6i:auto_generated"
Info (12128): Elaborating entity "Registro8Bits" for hierarchy "esaeslacuestion:inst2|Registro8Bits:inst7"
Info (12128): Elaborating entity "lpm_shiftreg" for hierarchy "esaeslacuestion:inst2|Registro8Bits:inst7|lpm_shiftreg:LPM_SHIFTREG_component"
Info (12130): Elaborated megafunction instantiation "esaeslacuestion:inst2|Registro8Bits:inst7|lpm_shiftreg:LPM_SHIFTREG_component"
Info (12133): Instantiated megafunction "esaeslacuestion:inst2|Registro8Bits:inst7|lpm_shiftreg:LPM_SHIFTREG_component" with the following parameter:
    Info (12134): Parameter "lpm_direction" = "LEFT"
    Info (12134): Parameter "lpm_type" = "LPM_SHIFTREG"
    Info (12134): Parameter "lpm_width" = "3"
Info (12128): Elaborating entity "seronoser" for hierarchy "seronoser:inst"
Info (12128): Elaborating entity "Comparador" for hierarchy "seronoser:inst|Comparador:inst10"
Info (12128): Elaborating entity "lpm_compare" for hierarchy "seronoser:inst|Comparador:inst10|lpm_compare:LPM_COMPARE_component"
Info (12130): Elaborated megafunction instantiation "seronoser:inst|Comparador:inst10|lpm_compare:LPM_COMPARE_component"
Info (12133): Instantiated megafunction "seronoser:inst|Comparador:inst10|lpm_compare:LPM_COMPARE_component" with the following parameter:
    Info (12134): Parameter "lpm_representation" = "UNSIGNED"
    Info (12134): Parameter "lpm_type" = "LPM_COMPARE"
    Info (12134): Parameter "lpm_width" = "7"
Info (12021): Found 1 design units, including 1 entities, in source file db/cmpr_lkg.tdf
    Info (12023): Found entity 1: cmpr_lkg
Info (12128): Elaborating entity "cmpr_lkg" for hierarchy "seronoser:inst|Comparador:inst10|lpm_compare:LPM_COMPARE_component|cmpr_lkg:auto_generated"
Info (12128): Elaborating entity "Registro7bits" for hierarchy "seronoser:inst|Registro7bits:inst9"
Info (12128): Elaborating entity "lpm_shiftreg" for hierarchy "seronoser:inst|Registro7bits:inst9|lpm_shiftreg:LPM_SHIFTREG_component"
Info (12130): Elaborated megafunction instantiation "seronoser:inst|Registro7bits:inst9|lpm_shiftreg:LPM_SHIFTREG_component"
Info (12133): Instantiated megafunction "seronoser:inst|Registro7bits:inst9|lpm_shiftreg:LPM_SHIFTREG_component" with the following parameter:
    Info (12134): Parameter "lpm_direction" = "LEFT"
    Info (12134): Parameter "lpm_type" = "LPM_SHIFTREG"
    Info (12134): Parameter "lpm_width" = "7"
Info (12128): Elaborating entity "Direccion" for hierarchy "seronoser:inst|Direccion:inst1"
Info (12128): Elaborating entity "ComparadorMod7" for hierarchy "seronoser:inst|ComparadorMod7:inst11"
Info (12128): Elaborating entity "lpm_compare" for hierarchy "seronoser:inst|ComparadorMod7:inst11|lpm_compare:LPM_COMPARE_component"
Info (12130): Elaborated megafunction instantiation "seronoser:inst|ComparadorMod7:inst11|lpm_compare:LPM_COMPARE_component"
Info (12133): Instantiated megafunction "seronoser:inst|ComparadorMod7:inst11|lpm_compare:LPM_COMPARE_component" with the following parameter:
    Info (12134): Parameter "lpm_hint" = "ONE_INPUT_IS_CONSTANT=YES"
    Info (12134): Parameter "lpm_representation" = "UNSIGNED"
    Info (12134): Parameter "lpm_type" = "LPM_COMPARE"
    Info (12134): Parameter "lpm_width" = "3"
Info (12021): Found 1 design units, including 1 entities, in source file db/cmpr_oaj.tdf
    Info (12023): Found entity 1: cmpr_oaj
Info (12128): Elaborating entity "cmpr_oaj" for hierarchy "seronoser:inst|ComparadorMod7:inst11|lpm_compare:LPM_COMPARE_component|cmpr_oaj:auto_generated"
Info (286030): Timing-Driven Synthesis is running
Info (16010): Generating hard_block partition "hard_block:auto_generated_inst"
    Info (16011): Adding 0 node(s), including 0 DDIO, 0 PLL, 0 transceiver and 0 LCELL
Info (21057): Implemented 34 device resources after synthesis - the final resource count might be different
    Info (21058): Implemented 3 input pins
    Info (21059): Implemented 6 output pins
    Info (21061): Implemented 25 logic cells
Info: Quartus II 64-Bit Analysis & Synthesis was successful. 0 errors, 1 warning
    Info: Peak virtual memory: 4631 megabytes
    Info: Processing ended: Mon Oct 27 14:07:48 2025
    Info: Elapsed time: 00:00:03
    Info: Total CPU time (on all processors): 00:00:03


